[59256:59256:0317/224228.810662:ERROR:sandbox_linux.cc(372)] InitializeSandbox() called with multiple threads in process gpu-process.
[59256:59256:0317/224228.856393:ERROR:buffer_manager.cc(488)] [.DisplayCompositor]GL ERROR :GL_INVALID_OPERATION : glBufferData: <- error from previous GL command
[59270:1:0317/224229.583169:ERROR:child_process_sandbox_support_impl_linux.cc(79)] FontService unique font name matching request did not receive a response.
[59270:1:0317/224229.583994:ERROR:child_process_sandbox_support_impl_linux.cc(79)] FontService unique font name matching request did not receive a response.
[59334:1:0317/224232.380972:ERROR:child_process_sandbox_support_impl_linux.cc(79)] FontService unique font name matching request did not receive a response.
[59334:1:0317/224232.382682:ERROR:child_process_sandbox_support_impl_linux.cc(79)] FontService unique font name matching request did not receive a response.
[59346:1:0317/224245.383009:ERROR:child_process_sandbox_support_impl_linux.cc(79)] FontService unique font name matching request did not receive a response.
[59346:1:0317/224245.385246:ERROR:child_process_sandbox_support_impl_linux.cc(79)] FontService unique font name matching request did not receive a response.
[59346:1:0317/224245.387585:ERROR:child_process_sandbox_support_impl_linux.cc(79)] FontService unique font name matching request did not receive a response.
[59346:1:0317/224245.389374:ERROR:child_process_sandbox_support_impl_linux.cc(79)] FontService unique font name matching request did not receive a response.
[59346:1:0317/224245.391833:ERROR:child_process_sandbox_support_impl_linux.cc(79)] FontService unique font name matching request did not receive a response.
[59346:1:0317/224245.394419:ERROR:child_process_sandbox_support_impl_linux.cc(79)] FontService unique font name matching request did not receive a response.
[59346:1:0317/224245.397021:ERROR:child_process_sandbox_support_impl_linux.cc(79)] FontService unique font name matching request did not receive a response.
[59346:1:0317/224245.397742:ERROR:child_process_sandbox_support_impl_linux.cc(79)] FontService unique font name matching request did not receive a response.
[59226:59226:0317/224245.572630:INFO:CONSOLE(0)] "[DOM] Input elements should have autocomplete attributes (suggested: "current-password"): (More info: https://goo.gl/9p2vKq) %o", source: https://accounts.google.com/signin/oauth?client_id=717762328687-iludtf96g1hinl76e4lc1b9a82g457nn.apps.googleusercontent.com&as=-LRmbAUDUskP9kwkBhVFzA&destination=https://stackauth.com&approval_state=!ChRQZnk4N2N4ZWFUTEkyXzFzSDRXchIfSTJWalZKYWdvWUlYOEhuU1JuY2dubXItZTd1WERoYw%E2%88%99AF-3PDcAAAAAXnJWjDPlN_GyWuPvtM2xKP6yrDFhouKI&oauthgdpr=1&xsrfsig=ChkAeAh8T_EpBsRnRSRqr_274ofQnDnn0AnHEg5hcHByb3ZhbF9zdGF0ZRILZGVzdGluYXRpb24SBXNvYWN1Eg9vYXV0aHJpc2t5c2NvcGU (0)
[59226:59226:0317/224246.211961:INFO:CONSOLE(0)] "A cookie associated with a cross-site resource at http://accounts.youtube.com/ was set without the `SameSite` attribute. A future release of Chrome will only deliver cookies with cross-site requests if they are set with `SameSite=None` and `Secure`. You can review cookies in developer tools under Application>Storage>Cookies and see more details at https://www.chromestatus.com/feature/5088147346030592 and https://www.chromestatus.com/feature/5633521622188032.", source: https://accounts.google.com/signin/oauth/identifier?client_id=717762328687-iludtf96g1hinl76e4lc1b9a82g457nn.apps.googleusercontent.com&as=-LRmbAUDUskP9kwkBhVFzA&destination=https%3A%2F%2Fstackauth.com&approval_state=!ChRQZnk4N2N4ZWFUTEkyXzFzSDRXchIfSTJWalZKYWdvWUlYOEhuU1JuY2dubXItZTd1WERoYw%E2%88%99AF-3PDcAAAAAXnJWjDPlN_GyWuPvtM2xKP6yrDFhouKI&oauthgdpr=1&xsrfsig=ChkAeAh8T_EpBsRnRSRqr_274ofQnDnn0AnHEg5hcHByb3ZhbF9zdGF0ZRILZGVzdGluYXRpb24SBXNvYWN1Eg9vYXV0aHJpc2t5c2NvcGU&flowName=GeneralOAuthFlow (0)
[59226:59226:0317/224257.377120:ERROR:gaia_auth_fetcher.cc(76)] Missing ID token on refresh token fetch response.
[59226:59226:0317/224307.472038:INFO:CONSOLE(0)] "A cookie associated with a cross-site resource at http://superuser.com/ was set without the `SameSite` attribute. A future release of Chrome will only deliver cookies with cross-site requests if they are set with `SameSite=None` and `Secure`. You can review cookies in developer tools under Application>Storage>Cookies and see more details at https://www.chromestatus.com/feature/5088147346030592 and https://www.chromestatus.com/feature/5633521622188032.", source: https://stackoverflow.com/users/story/6742388# (0)
[59226:59226:0317/224307.477622:INFO:CONSOLE(0)] "A cookie associated with a cross-site resource at http://serverfault.com/ was set without the `SameSite` attribute. A future release of Chrome will only deliver cookies with cross-site requests if they are set with `SameSite=None` and `Secure`. You can review cookies in developer tools under Application>Storage>Cookies and see more details at https://www.chromestatus.com/feature/5088147346030592 and https://www.chromestatus.com/feature/5633521622188032.", source: https://stackoverflow.com/users/story/6742388# (0)
[59226:59226:0317/224307.477806:INFO:CONSOLE(0)] "A cookie associated with a cross-site resource at http://stackexchange.com/ was set without the `SameSite` attribute. A future release of Chrome will only deliver cookies with cross-site requests if they are set with `SameSite=None` and `Secure`. You can review cookies in developer tools under Application>Storage>Cookies and see more details at https://www.chromestatus.com/feature/5088147346030592 and https://www.chromestatus.com/feature/5633521622188032.", source: https://stackoverflow.com/users/story/6742388# (0)
[59226:59226:0317/224307.480140:INFO:CONSOLE(0)] "A cookie associated with a cross-site resource at http://askubuntu.com/ was set without the `SameSite` attribute. A future release of Chrome will only deliver cookies with cross-site requests if they are set with `SameSite=None` and `Secure`. You can review cookies in developer tools under Application>Storage>Cookies and see more details at https://www.chromestatus.com/feature/5088147346030592 and https://www.chromestatus.com/feature/5633521622188032.", source: https://stackoverflow.com/users/story/6742388# (0)
[59226:59226:0317/224307.481758:INFO:CONSOLE(0)] "A cookie associated with a cross-site resource at http://mathoverflow.net/ was set without the `SameSite` attribute. A future release of Chrome will only deliver cookies with cross-site requests if they are set with `SameSite=None` and `Secure`. You can review cookies in developer tools under Application>Storage>Cookies and see more details at https://www.chromestatus.com/feature/5088147346030592 and https://www.chromestatus.com/feature/5633521622188032.", source: https://stackoverflow.com/users/story/6742388# (0)
[59226:59226:0317/224308.085366:INFO:CONSOLE(0)] "A cookie associated with a cross-site resource at http://stackapps.com/ was set without the `SameSite` attribute. A future release of Chrome will only deliver cookies with cross-site requests if they are set with `SameSite=None` and `Secure`. You can review cookies in developer tools under Application>Storage>Cookies and see more details at https://www.chromestatus.com/feature/5088147346030592 and https://www.chromestatus.com/feature/5633521622188032.", source: https://stackoverflow.com/users/story/6742388# (0)
[59478:1:0317/224311.121389:ERROR:child_process_sandbox_support_impl_linux.cc(79)] FontService unique font name matching request did not receive a response.
[59478:1:0317/224311.124267:ERROR:child_process_sandbox_support_impl_linux.cc(79)] FontService unique font name matching request did not receive a response.
[59478:1:0317/224311.127660:ERROR:child_process_sandbox_support_impl_linux.cc(79)] FontService unique font name matching request did not receive a response.
[59478:1:0317/224311.128621:ERROR:child_process_sandbox_support_impl_linux.cc(79)] FontService unique font name matching request did not receive a response.
[59226:59226:0317/224311.132723:INFO:CONSOLE(0)] "HTML Imports is deprecated and will be removed in M80, around February 2020. Please use ES modules instead. See https://www.chromestatus.com/features/5144752345317376 and https://developers.google.com/web/updates/2019/07/web-components-time-to-upgrade for more details.", source:  (0)
[59478:1:0317/224312.372640:ERROR:child_process_sandbox_support_impl_linux.cc(79)] FontService unique font name matching request did not receive a response.
[59478:1:0317/224312.379715:ERROR:child_process_sandbox_support_impl_linux.cc(79)] FontService unique font name matching request did not receive a response.
[59478:1:0317/224312.380632:ERROR:child_process_sandbox_support_impl_linux.cc(79)] FontService unique font name matching request did not receive a response.
[59226:59226:0317/224312.764628:INFO:CONSOLE(0)] "A cookie associated with a cross-site resource at http://youtube.com/ was set without the `SameSite` attribute. A future release of Chrome will only deliver cookies with cross-site requests if they are set with `SameSite=None` and `Secure`. You can review cookies in developer tools under Application>Storage>Cookies and see more details at https://www.chromestatus.com/feature/5088147346030592 and https://www.chromestatus.com/feature/5633521622188032.", source: https://music.youtube.com/ (0)
[59226:59226:0317/224312.764758:INFO:CONSOLE(0)] "A cookie associated with a cross-site resource at https://youtube.com/ was set without the `SameSite` attribute. A future release of Chrome will only deliver cookies with cross-site requests if they are set with `SameSite=None` and `Secure`. You can review cookies in developer tools under Application>Storage>Cookies and see more details at https://www.chromestatus.com/feature/5088147346030592 and https://www.chromestatus.com/feature/5633521622188032.", source: https://music.youtube.com/ (0)
[59478:1:0317/224314.108812:ERROR:child_process_sandbox_support_impl_linux.cc(79)] FontService unique font name matching request did not receive a response.
[59478:1:0317/224314.109576:ERROR:child_process_sandbox_support_impl_linux.cc(79)] FontService unique font name matching request did not receive a response.
[59226:59226:0317/224318.729658:WARNING:pref_notifier_impl.cc(40)] Pref observer for browser.relaunch_notification_period found at shutdown.
[59226:59226:0317/224318.729770:WARNING:pref_notifier_impl.cc(40)] Pref observer for media_router.cast_allow_all_ips found at shutdown.
